2024-07-10T14:12:50.902Z [info]: Request: GET /
2024-07-10T14:13:06.920Z [info]: Request: GET /logs
2024-07-11T15:40:34.873Z [info]: Server running on http://0.0.0.0:3000
2024-07-11T15:40:34.875Z [info]: Type "sendEcg <milivolts>" to send an ECG signal.
2024-07-11T15:41:00.745Z [info]: Sending ECG to device device-1: milivolts 0.25 with interval 30
2024-07-11T15:41:02.171Z [info]: ECG sent successfully:
2024-07-11T15:41:32.401Z [info]: Sending ECG to device device-1: milivolts 0.25 with interval 30
2024-07-11T15:41:33.072Z [info]: ECG sent successfully:
2024-07-11T15:41:58.931Z [info]: Sending ECG to device device-1: milivolts 0.25 with interval 30
2024-07-11T15:41:59.493Z [info]: ECG sent successfully:
2024-07-11T15:42:02.893Z [info]: Sending ECG to device device-1: milivolts 0.25 with interval 30
2024-07-11T15:42:03.336Z [info]: ECG sent successfully:
2024-07-11T15:42:07.403Z [info]: Sending ECG to device device-1: milivolts 0.25 with interval 30
2024-07-11T15:42:07.712Z [info]: ECG sent successfully:
2024-07-11T15:42:28.245Z [info]: Sending ECG to device device-1: milivolts 0.25 with interval 30
2024-07-11T15:42:28.501Z [info]: ECG sent successfully:
2024-07-11T15:43:17.656Z [info]: Sending ECG to device device-1: milivolts 0.21 with interval 30
2024-07-11T15:43:18.259Z [info]: ECG sent successfully:
2024-07-11T15:45:05.991Z [info]: ECG sent successfully:
2024-07-11T15:45:19.281Z [info]: Server running on http://0.0.0.0:3000
2024-07-11T15:45:19.283Z [info]: Type "sendEcg <milivolts>" to send an ECG signal.
2024-07-11T15:45:48.309Z [info]: ECG sent successfully:
2024-07-11T15:45:49.993Z [info]: ECG sent successfully:
2024-07-11T15:45:52.247Z [info]: ECG sent successfully:
2024-07-11T15:45:53.988Z [info]: ECG sent successfully:
2024-07-11T15:45:56.228Z [info]: ECG sent successfully:
2024-07-11T15:45:58.208Z [info]: ECG sent successfully:
2024-07-11T15:46:00.108Z [info]: ECG sent successfully:
2024-07-11T15:46:02.349Z [info]: ECG sent successfully:
2024-07-11T15:46:04.028Z [info]: ECG sent successfully:
2024-07-11T15:46:06.273Z [info]: ECG sent successfully:
2024-07-11T15:46:08.067Z [info]: ECG sent successfully:
2024-07-11T15:46:10.335Z [info]: ECG sent successfully:
2024-07-11T15:46:12.112Z [info]: ECG sent successfully:
2024-07-11T15:46:14.069Z [info]: ECG sent successfully:
2024-07-11T15:46:16.328Z [info]: ECG sent successfully:
2024-07-11T15:46:18.326Z [info]: ECG sent successfully:
2024-07-11T15:46:20.409Z [info]: ECG sent successfully:
2024-07-11T15:46:22.409Z [info]: ECG sent successfully:
2024-07-11T15:46:24.390Z [info]: ECG sent successfully:
2024-07-11T15:46:26.109Z [info]: ECG sent successfully:
2024-07-11T15:46:28.097Z [info]: ECG sent successfully:
2024-07-11T15:46:30.136Z [info]: ECG sent successfully:
2024-07-11T15:46:32.415Z [info]: ECG sent successfully:
2024-07-11T15:46:34.337Z [info]: ECG sent successfully:
2024-07-11T15:46:36.339Z [info]: ECG sent successfully:
2024-07-11T15:46:38.149Z [info]: ECG sent successfully:
2024-07-11T15:46:40.382Z [info]: ECG sent successfully:
2024-07-11T15:46:42.260Z [info]: ECG sent successfully:
2024-07-11T15:46:44.192Z [info]: ECG sent successfully:
2024-07-11T15:46:46.510Z [info]: ECG sent successfully:
2024-07-11T15:46:48.271Z [info]: ECG sent successfully:
2024-07-11T15:46:50.417Z [info]: ECG sent successfully:
2024-07-11T15:46:52.473Z [info]: ECG sent successfully:
2024-07-11T15:46:54.573Z [info]: ECG sent successfully:
2024-07-11T15:46:56.611Z [info]: ECG sent successfully:
2024-07-11T15:46:58.292Z [info]: ECG sent successfully:
2024-07-11T15:47:00.476Z [info]: ECG sent successfully:
2024-07-11T15:47:02.460Z [info]: ECG sent successfully:
2024-07-11T15:47:04.492Z [info]: ECG sent successfully:
2024-07-11T15:47:06.481Z [info]: ECG sent successfully:
2024-07-11T15:47:08.586Z [info]: ECG sent successfully:
2024-07-11T15:47:10.292Z [info]: ECG sent successfully:
2024-07-11T15:47:12.520Z [info]: ECG sent successfully:
2024-07-11T15:47:14.522Z [info]: ECG sent successfully:
2024-07-11T15:47:16.522Z [info]: ECG sent successfully:
2024-07-11T15:47:18.571Z [info]: ECG sent successfully:
2024-07-11T15:47:20.636Z [info]: ECG sent successfully:
2024-07-11T15:47:22.620Z [info]: ECG sent successfully:
2024-07-11T15:47:24.601Z [info]: ECG sent successfully:
2024-07-11T15:47:26.574Z [info]: ECG sent successfully:
2024-07-11T15:47:28.320Z [info]: Request: GET /logs
2024-07-11T15:47:28.576Z [info]: ECG sent successfully:
2024-07-11T15:47:28.693Z [info]: Request: GET /favicon.ico
2024-07-11T15:47:30.353Z [info]: ECG sent successfully:
2024-07-11T15:47:32.598Z [info]: Error sending ECG:
2024-07-11T16:02:03.724Z [info]: Server running on http://0.0.0.0:3000
2024-07-11T16:02:03.727Z [info]: Type "sendEcg <milivolts>" to send an ECG signal.
2024-07-11T16:20:52.804Z [info]: Sending ECG to device device-1: milivolts 0.26 with interval 30
2024-07-11T16:20:54.332Z [info]: ECG sent successfully:
2024-07-11T16:20:57.252Z [info]: Sending ECG to device device-1: milivolts 0.26 with interval 30
2024-07-11T16:20:57.681Z [info]: ECG sent successfully:
2024-07-11T16:21:00.415Z [info]: Sending ECG to device device-1: milivolts 0.26 with interval 30
2024-07-11T16:21:00.839Z [info]: ECG sent successfully:
2024-07-11T16:21:19.359Z [info]: Sending ECG to device device-1: milivolts 0.26 with interval 30
2024-07-11T16:21:20.082Z [info]: ECG sent successfully:
2024-07-11T16:21:24.078Z [info]: Sending ECG to device device-1: milivolts 0.26 with interval 30
2024-07-11T16:21:24.500Z [info]: ECG sent successfully:
2024-07-11T16:21:28.585Z [info]: Sending ECG to device device-1: milivolts 0.26 with interval 30
2024-07-11T16:21:28.918Z [info]: ECG sent successfully:
2024-07-11T16:21:59.002Z [info]: ECG sent successfully:
2024-07-11T16:22:01.043Z [info]: ECG sent successfully:
2024-07-11T16:22:02.990Z [info]: ECG sent successfully:
2024-07-11T16:22:05.084Z [info]: ECG sent successfully:
2024-07-11T16:22:06.988Z [info]: ECG sent successfully:
2024-07-11T16:22:09.062Z [info]: ECG sent successfully:
2024-07-11T16:22:11.022Z [info]: ECG sent successfully:
2024-07-11T16:22:12.822Z [info]: ECG sent successfully:
2024-07-11T16:22:15.161Z [info]: ECG sent successfully:
2024-07-11T16:22:17.082Z [info]: ECG sent successfully:
2024-07-11T16:22:19.072Z [info]: ECG sent successfully:
2024-07-11T16:22:21.145Z [info]: ECG sent successfully:
2024-07-11T16:22:23.142Z [info]: ECG sent successfully:
2024-07-11T16:22:25.182Z [info]: ECG sent successfully:
2024-07-11T16:22:27.128Z [info]: ECG sent successfully:
2024-07-11T16:22:28.944Z [info]: ECG sent successfully:
2024-07-11T16:22:31.002Z [info]: ECG sent successfully:
2024-07-11T16:22:33.242Z [info]: ECG sent successfully:
2024-07-11T16:22:34.984Z [info]: ECG sent successfully:
2024-07-11T16:22:37.290Z [info]: ECG sent successfully:
2024-07-11T16:22:39.201Z [info]: ECG sent successfully:
2024-07-11T16:22:40.969Z [info]: ECG sent successfully:
2024-07-11T16:22:43.204Z [info]: ECG sent successfully:
2024-07-11T16:22:45.312Z [info]: ECG sent successfully:
2024-07-11T16:22:47.214Z [info]: ECG sent successfully:
2024-07-11T16:22:49.243Z [info]: ECG sent successfully:
2024-07-11T16:22:51.050Z [info]: ECG sent successfully:
2024-07-11T16:22:53.264Z [info]: ECG sent successfully:
2024-07-11T16:22:55.127Z [info]: ECG sent successfully:
2024-07-11T16:22:57.406Z [info]: ECG sent successfully:
2024-07-11T16:22:59.343Z [info]: ECG sent successfully:
2024-07-11T16:23:01.087Z [info]: ECG sent successfully:
2024-07-11T16:23:03.290Z [info]: ECG sent successfully:
2024-07-11T16:23:05.330Z [info]: ECG sent successfully:
2024-07-11T16:23:07.445Z [info]: ECG sent successfully:
2024-07-11T16:23:09.492Z [info]: ECG sent successfully:
2024-07-11T16:23:11.398Z [info]: ECG sent successfully:
2024-07-11T16:23:13.336Z [info]: ECG sent successfully:
2024-07-11T16:23:15.390Z [info]: ECG sent successfully:
2024-07-11T16:23:17.372Z [info]: ECG sent successfully:
2024-07-11T16:23:19.386Z [info]: ECG sent successfully:
2024-07-11T16:23:21.445Z [info]: ECG sent successfully:
2024-07-11T16:23:23.466Z [info]: ECG sent successfully:
2024-07-11T16:23:25.413Z [info]: ECG sent successfully:
2024-07-11T16:23:27.413Z [info]: ECG sent successfully:
2024-07-11T16:23:29.193Z [info]: ECG sent successfully:
2024-07-11T16:23:31.427Z [info]: ECG sent successfully:
2024-07-11T16:23:33.526Z [info]: ECG sent successfully:
2024-07-11T16:23:35.618Z [info]: ECG sent successfully:
2024-07-11T16:23:37.474Z [info]: ECG sent successfully:
2024-07-11T16:23:39.510Z [info]: ECG sent successfully:
2024-07-11T16:23:41.570Z [info]: ECG sent successfully:
2024-07-11T16:23:43.267Z [info]: ECG sent successfully:
2024-07-11T16:23:45.732Z [info]: Error sending ECG:
2024-07-11T16:25:30.755Z [info]: Server running on http://0.0.0.0:3000
2024-07-11T16:25:30.757Z [info]: Type "sendEcg <milivolts>" to send an ECG signal.
2024-07-11T16:26:27.842Z [info]: Sending ECG to device device-1: milivolts 0.21 with interval 30
2024-07-11T16:26:28.824Z [info]: ECG sent successfully:
2024-07-11T16:27:15.059Z [info]: ECG sent successfully:
2024-07-11T16:27:16.739Z [info]: ECG sent successfully:
2024-07-11T16:27:18.883Z [info]: ECG sent successfully:
2024-07-11T16:27:20.701Z [info]: ECG sent successfully:
2024-07-11T16:27:22.903Z [info]: ECG sent successfully:
2024-07-11T16:27:24.681Z [info]: ECG sent successfully:
2024-07-11T16:27:27.042Z [info]: Error sending ECG:
2024-07-11T16:27:57.133Z [info]: Server running on http://0.0.0.0:3000
2024-07-11T16:27:57.135Z [info]: Type "sendEcg <milivolts>" to send an ECG signal.
2024-07-11T16:28:22.367Z [info]: Request: POST /receive-signal
2024-07-11T16:28:22.368Z [info]: ################## Signal received: bipbip ######################
2024-07-11T16:28:22.368Z [info]: ################## Signal received: bipbip ######################
2024-07-11T16:30:22.113Z [info]: Server running on http://localhost:3000
2024-07-11T16:30:22.116Z [info]: Type "sendEcg <milivolts>" to send an ECG signal.
2024-07-11T16:31:12.258Z [info]: Request: POST /receive-signal
2024-07-11T16:31:12.259Z [info]: ################## Signal received: bipbip ######################
2024-07-11T16:31:12.259Z [info]: ################## Signal received: bipbip ######################
2024-07-11T16:32:23.087Z [info]: Sending ECG to device device-1: milivolts 0.26 with interval 30
2024-07-11T16:32:25.076Z [info]: ECG sent successfully:
2024-07-11T16:32:26.054Z [info]: Sending ECG to device device-1: milivolts 0.26 with interval 30
2024-07-11T16:32:26.979Z [info]: ECG sent successfully:
2024-07-11T16:32:31.852Z [info]: Sending ECG to device device-1: milivolts 0.26 with interval 30
2024-07-11T16:32:32.515Z [info]: ECG sent successfully:
2024-07-11T16:32:34.783Z [info]: Sending ECG to device device-1: milivolts 0.26 with interval 30
2024-07-11T16:32:35.380Z [info]: ECG sent successfully:
2024-07-11T16:32:39.278Z [info]: Sending ECG to device device-1: milivolts 0.26 with interval 30
2024-07-11T16:32:39.853Z [info]: ECG sent successfully:
2024-07-11T16:32:43.833Z [info]: Sending ECG to device device-1: milivolts 0.26 with interval 30
2024-07-11T16:32:44.636Z [info]: Error sending ECG:
2024-07-11T16:34:41.367Z [info]: Server running on http://localhost:3000
2024-07-11T16:34:41.370Z [info]: Type "sendEcg <milivolts>" to send an ECG signal.
2024-07-11T16:34:55.521Z [info]: Request: POST /receive-signal
2024-07-11T16:34:55.522Z [info]: ################## Signal received: bipbip ######################
2024-07-11T16:34:55.522Z [info]: ################## Signal received: bipbip ######################
2024-07-11T16:35:27.473Z [info]: ECG sent successfully:
2024-07-11T16:35:28.855Z [info]: ECG sent successfully:
2024-07-11T16:35:30.800Z [info]: ECG sent successfully:
2024-07-11T16:35:32.052Z [info]: Request: POST /receive-signal
2024-07-11T16:35:32.052Z [info]: ################## Signal received: bipbip ######################
2024-07-11T16:35:32.053Z [info]: ################## Signal received: bipbip ######################
2024-07-11T16:35:32.693Z [info]: ECG sent successfully:
2024-07-11T16:35:34.672Z [info]: ECG sent successfully:
2024-07-11T16:35:36.814Z [info]: ECG sent successfully:
2024-07-11T16:35:38.822Z [info]: ECG sent successfully:
2024-07-11T16:35:39.823Z [info]: Request: POST /receive-signal
2024-07-11T16:35:39.823Z [info]: ################## Signal received: bipbip ######################
2024-07-11T16:35:39.823Z [info]: ################## Signal received: bipbip ######################
2024-07-11T16:35:40.453Z [info]: ECG sent successfully:
2024-07-11T16:35:41.104Z [info]: Request: POST /receive-signal
2024-07-11T16:35:41.105Z [info]: ################## Signal received: bipbip ######################
2024-07-11T16:35:41.105Z [info]: ################## Signal received: bipbip ######################
2024-07-11T16:35:42.555Z [info]: ECG sent successfully:
2024-07-11T16:35:44.674Z [info]: ECG sent successfully:
2024-07-11T16:35:46.701Z [info]: ECG sent successfully:
2024-07-11T16:35:48.700Z [info]: ECG sent successfully:
2024-07-11T16:35:50.959Z [info]: ECG sent successfully:
2024-07-11T16:35:52.760Z [info]: ECG sent successfully:
2024-07-11T16:35:54.836Z [info]: ECG sent successfully:
2024-07-11T16:35:56.925Z [info]: ECG sent successfully:
2024-07-11T16:35:58.754Z [info]: ECG sent successfully:
2024-07-11T16:36:00.824Z [info]: ECG sent successfully:
2024-07-11T16:36:02.777Z [info]: ECG sent successfully:
2024-07-11T16:36:04.835Z [info]: ECG sent successfully:
2024-07-11T16:36:06.817Z [info]: ECG sent successfully:
2024-07-11T16:36:08.776Z [info]: ECG sent successfully:
2024-07-11T16:36:10.542Z [info]: ECG sent successfully:
2024-07-11T16:36:12.777Z [info]: ECG sent successfully:
2024-07-11T16:36:14.580Z [info]: ECG sent successfully:
2024-07-11T16:36:16.936Z [info]: ECG sent successfully:
2024-07-11T16:36:18.860Z [info]: ECG sent successfully:
2024-07-11T16:36:20.584Z [info]: ECG sent successfully:
2024-07-11T16:36:22.823Z [info]: ECG sent successfully:
2024-07-11T16:36:24.860Z [info]: ECG sent successfully:
2024-07-11T16:36:26.876Z [info]: ECG sent successfully:
2024-07-11T16:36:28.866Z [info]: ECG sent successfully:
2024-07-11T16:36:30.878Z [info]: ECG sent successfully:
2024-07-11T16:36:32.565Z [info]: server was shut down...
2024-07-11T16:41:11.599Z [info]: Server running on http://localhost:3000
2024-07-11T16:41:11.601Z [info]: Type "sendEcg <milivolts>" to send an ECG signal.
2024-07-11T16:41:38.599Z [info]: ECG sent successfully:
2024-07-11T16:41:39.590Z [info]: ECG sent successfully:
2024-07-11T16:41:41.213Z [info]: ECG sent successfully:
2024-07-11T16:41:43.495Z [info]: ECG sent successfully:
2024-07-11T16:41:45.309Z [info]: ECG sent successfully:
2024-07-11T16:41:47.310Z [info]: ECG sent successfully:
2024-07-11T16:41:49.471Z [info]: ECG sent successfully:
2024-07-11T16:41:51.197Z [info]: ECG sent successfully:
2024-07-11T16:41:53.330Z [info]: ECG sent successfully:
2024-07-11T16:41:54.796Z [info]: server was shut down...
